d:\programming_project\vc\captureaudio\release\captureaudio.lib
d:\programming_project\vc\captureaudio\release\captureaudio.exp
d:\programming_project\vc\captureaudio\release\captureaudio.ipdb
d:\programming_project\vc\captureaudio\release\captureaudio.iobj
d:\programming_project\vc\captureaudio\captureaudio\release\captureaudio.pch
d:\programming_project\vc\captureaudio\captureaudio\release\vc141.pdb
d:\programming_project\vc\captureaudio\captureaudio\release\stdafx.obj
d:\programming_project\vc\captureaudio\captureaudio\release\reflection.obj
d:\programming_project\vc\captureaudio\captureaudio\release\captureaudio.obj
d:\programming_project\vc\captureaudio\captureaudio\release\caoutputformat.obj
d:\programming_project\vc\captureaudio\captureaudio\release\camainprocess.obj
d:\programming_project\vc\captureaudio\captureaudio\release\cafile.obj
d:\programming_project\vc\captureaudio\captureaudio\release\dllmain.obj
d:\programming_project\vc\captureaudio\release\captureaudio.dll
d:\programming_project\vc\captureaudio\release\captureaudio.pdb
d:\programming_project\vc\captureaudio\captureaudio\release\captureaudio.tlog\captureaudio.write.1u.tlog
d:\programming_project\vc\captureaudio\captureaudio\release\captureaudio.tlog\cl.command.1.tlog
d:\programming_project\vc\captureaudio\captureaudio\release\captureaudio.tlog\cl.read.1.tlog
d:\programming_project\vc\captureaudio\captureaudio\release\captureaudio.tlog\cl.write.1.tlog
d:\programming_project\vc\captureaudio\captureaudio\release\captureaudio.tlog\link.command.1.tlog
d:\programming_project\vc\captureaudio\captureaudio\release\captureaudio.tlog\link.read.1.tlog
d:\programming_project\vc\captureaudio\captureaudio\release\captureaudio.tlog\link.write.1.tlog
