d:\programming_project\vc\captureaudio\x64\debug\captureaudio.lib
d:\programming_project\vc\captureaudio\x64\debug\captureaudio.exp
d:\programming_project\vc\captureaudio\captureaudio\x64\debug\captureaudio.pch
d:\programming_project\vc\captureaudio\captureaudio\x64\debug\vc141.pdb
d:\programming_project\vc\captureaudio\captureaudio\x64\debug\vc141.idb
d:\programming_project\vc\captureaudio\captureaudio\x64\debug\stdafx.obj
d:\programming_project\vc\captureaudio\captureaudio\x64\debug\cafile.obj
d:\programming_project\vc\captureaudio\captureaudio\x64\debug\camainprocess.obj
d:\programming_project\vc\captureaudio\captureaudio\x64\debug\caoutputformat.obj
d:\programming_project\vc\captureaudio\captureaudio\x64\debug\captureaudio.obj
d:\programming_project\vc\captureaudio\captureaudio\x64\debug\reflection.obj
d:\programming_project\vc\captureaudio\captureaudio\x64\debug\dllmain.obj
d:\programming_project\vc\captureaudio\x64\debug\captureaudio.ilk
d:\programming_project\vc\captureaudio\x64\debug\captureaudio.dll
d:\programming_project\vc\captureaudio\x64\debug\captureaudio.pdb
d:\programming_project\vc\captureaudio\captureaudio\x64\debug\captureaudio.tlog\captureaudio.write.1u.tlog
d:\programming_project\vc\captureaudio\captureaudio\x64\debug\captureaudio.tlog\cl.command.1.tlog
d:\programming_project\vc\captureaudio\captureaudio\x64\debug\captureaudio.tlog\cl.read.1.tlog
d:\programming_project\vc\captureaudio\captureaudio\x64\debug\captureaudio.tlog\cl.write.1.tlog
d:\programming_project\vc\captureaudio\captureaudio\x64\debug\captureaudio.tlog\link.command.1.tlog
d:\programming_project\vc\captureaudio\captureaudio\x64\debug\captureaudio.tlog\link.read.1.tlog
d:\programming_project\vc\captureaudio\captureaudio\x64\debug\captureaudio.tlog\link.write.1.tlog
